\BOOKMARK [1][-]{section.1}{\376\377\000I\000n\000t\000r\000o\000d\000u\000c\000t\000i\000o\000n}{}% 1
\BOOKMARK [1][-]{section.2}{\376\377\000R\000e\000l\000a\000t\000e\000d\000\040\000W\000o\000r\000k}{}% 2
\BOOKMARK [1][-]{section.3}{\376\377\000P\000r\000o\000p\000o\000s\000e\000d\000\040\000U\000n\000i\000f\000i\000e\000d\000\040\000C\000o\000n\000t\000i\000n\000u\000o\000u\000s\000-\000T\000i\000m\000e\000\040\000M\000o\000d\000e\000l}{}% 3
\BOOKMARK [2][-]{subsection.3.1}{\376\377\000T\000e\000r\000m\000i\000n\000a\000l\000-\000v\000o\000l\000t\000a\000g\000e\000\040\000s\000u\000b\000m\000o\000d\000e\000l}{section.3}% 4
\BOOKMARK [3][-]{subsubsection.3.1.1}{\376\377\000P\000h\000y\000s\000i\000c\000a\000l\000\040\000b\000a\000s\000i\000s\000\040\000o\000f\000\040\000t\000h\000e\000\040\000S\000h\000e\000p\000h\000e\000r\000d\000\040\000f\000o\000r\000m\000u\000l\000a\000t\000i\000o\000n}{subsection.3.1}% 5
\BOOKMARK [3][-]{subsubsection.3.1.2}{\376\377\000S\000O\000C\000\040\000d\000y\000n\000a\000m\000i\000c\000s\000\040\000v\000i\000a\000\040\000C\000o\000u\000l\000o\000m\000b\000\040\000c\000o\000u\000n\000t\000i\000n\000g}{subsection.3.1}% 6
\BOOKMARK [3][-]{subsubsection.3.1.3}{\376\377\000P\000o\000w\000e\000r\000-\000b\000a\000l\000a\000n\000c\000e\000\040\000c\000l\000o\000s\000u\000r\000e}{subsection.3.1}% 7
\BOOKMARK [3][-]{subsubsection.3.1.4}{\376\377\000T\000i\000m\000e\000-\000t\000o\000-\000e\000m\000p\000t\000y\000\040\000d\000e\000f\000i\000n\000i\000t\000i\000o\000n}{subsection.3.1}% 8
\BOOKMARK [2][-]{subsection.3.2}{\376\377\000C\000o\000m\000p\000o\000n\000e\000n\000t\000-\000l\000e\000v\000e\000l\000\040\000p\000o\000w\000e\000r\000\040\000d\000e\000c\000o\000m\000p\000o\000s\000i\000t\000i\000o\000n}{section.3}% 9
\BOOKMARK [2][-]{subsection.3.3}{\376\377\000T\000e\000m\000p\000e\000r\000a\000t\000u\000r\000e\040\023\000p\000a\000r\000a\000m\000e\000t\000e\000r\000\040\000c\000o\000u\000p\000l\000i\000n\000g}{section.3}% 10
\BOOKMARK [3][-]{subsubsection.3.3.1}{\376\377\000C\000a\000p\000a\000c\000i\000t\000y\040\023\000t\000e\000m\000p\000e\000r\000a\000t\000u\000r\000e\000\040\000r\000e\000s\000p\000o\000n\000s\000e}{subsection.3.3}% 11
\BOOKMARK [3][-]{subsubsection.3.3.2}{\376\377\000R\000e\000s\000i\000s\000t\000a\000n\000c\000e\040\023\000t\000e\000m\000p\000e\000r\000a\000t\000u\000r\000e\000\040\000r\000e\000s\000p\000o\000n\000s\000e}{subsection.3.3}% 12
\BOOKMARK [3][-]{subsubsection.3.3.3}{\376\377\000S\000o\000C\000\040\000l\000e\000a\000k\000a\000g\000e\000\040\000p\000o\000w\000e\000r}{subsection.3.3}% 13
\BOOKMARK [2][-]{subsection.3.4}{\376\377\000A\000g\000i\000n\000g\000\040\000d\000y\000n\000a\000m\000i\000c\000s}{section.3}% 14
\BOOKMARK [3][-]{subsubsection.3.4.1}{\376\377\000C\000y\000c\000l\000e\000\040\000a\000g\000i\000n\000g\000:\000\040\000c\000a\000p\000a\000c\000i\000t\000y\000\040\000f\000a\000d\000e\000\040\000a\000n\000d\000\040\000r\000e\000s\000i\000s\000t\000a\000n\000c\000e\000\040\000g\000r\000o\000w\000t\000h}{subsection.3.4}% 15
\BOOKMARK [3][-]{subsubsection.3.4.2}{\376\377\000C\000a\000l\000e\000n\000d\000a\000r\000\040\000a\000g\000i\000n\000g}{subsection.3.4}% 16
\BOOKMARK [3][-]{subsubsection.3.4.3}{\376\377\000C\000o\000m\000b\000i\000n\000e\000d\000\040\000a\000g\000i\000n\000g\040\023\000t\000e\000m\000p\000e\000r\000a\000t\000u\000r\000e\000\040\000c\000o\000u\000p\000l\000i\000n\000g}{subsection.3.4}% 17
\BOOKMARK [2][-]{subsection.3.5}{\376\377\000C\000o\000u\000p\000l\000e\000d\000\040\000O\000D\000E\000\040\000s\000y\000s\000t\000e\000m\000\040\000a\000n\000d\000\040\000T\000T\000E\000\040\000c\000o\000m\000p\000u\000t\000a\000t\000i\000o\000n}{section.3}% 18
\BOOKMARK [2][-]{subsection.3.6}{\376\377\000P\000a\000r\000a\000m\000e\000t\000e\000r\000\040\000i\000d\000e\000n\000t\000i\000f\000i\000c\000a\000t\000i\000o\000n}{section.3}% 19
\BOOKMARK [3][-]{subsubsection.3.6.1}{\376\377\000O\000p\000t\000i\000m\000i\000s\000a\000t\000i\000o\000n\000\040\000p\000r\000o\000c\000e\000d\000u\000r\000e}{subsection.3.6}% 20
\BOOKMARK [3][-]{subsubsection.3.6.2}{\376\377\000S\000t\000r\000u\000c\000t\000u\000r\000a\000l\000\040\000i\000d\000e\000n\000t\000i\000f\000i\000a\000b\000i\000l\000i\000t\000y}{subsection.3.6}% 21
\BOOKMARK [3][-]{subsubsection.3.6.3}{\376\377\000A\000g\000i\000n\000g\000-\000p\000a\000r\000a\000m\000e\000t\000e\000r\000\040\000e\000s\000t\000i\000m\000a\000t\000i\000o\000n}{subsection.3.6}% 22
\BOOKMARK [2][-]{subsection.3.7}{\376\377\000N\000u\000m\000e\000r\000i\000c\000a\000l\000\040\000s\000o\000l\000u\000t\000i\000o\000n}{section.3}% 23
\BOOKMARK [3][-]{subsubsection.3.7.1}{\376\377\000A\000l\000g\000e\000b\000r\000a\000i\000c\000\040\000c\000u\000r\000r\000e\000n\000t\000\040\000s\000o\000l\000v\000e\000r}{subsection.3.7}% 24
\BOOKMARK [3][-]{subsubsection.3.7.2}{\376\377\000T\000i\000m\000e\000\040\000i\000n\000t\000e\000g\000r\000a\000t\000i\000o\000n}{subsection.3.7}% 25
\BOOKMARK [3][-]{subsubsection.3.7.3}{\376\377\000C\000o\000m\000p\000u\000t\000a\000t\000i\000o\000n\000a\000l\000\040\000c\000o\000s\000t}{subsection.3.7}% 26
\BOOKMARK [1][-]{section.4}{\376\377\000E\000x\000p\000e\000r\000i\000m\000e\000n\000t\000a\000l\000\040\000S\000e\000t\000u\000p}{}% 27
\BOOKMARK [2][-]{subsection.4.1}{\376\377\000D\000a\000t\000a\000s\000e\000t\000s}{section.4}% 28
\BOOKMARK [2][-]{subsection.4.2}{\376\377\000B\000a\000s\000e\000l\000i\000n\000e\000\040\000m\000o\000d\000e\000l\000s}{section.4}% 29
\BOOKMARK [2][-]{subsection.4.3}{\376\377\000E\000v\000a\000l\000u\000a\000t\000i\000o\000n\000\040\000m\000e\000t\000r\000i\000c\000s}{section.4}% 30
\BOOKMARK [2][-]{subsection.4.4}{\376\377\000A\000b\000l\000a\000t\000i\000o\000n\000\040\000p\000r\000o\000t\000o\000c\000o\000l}{section.4}% 31
\BOOKMARK [2][-]{subsection.4.5}{\376\377\000U\000s\000a\000g\000e\000\040\000s\000c\000e\000n\000a\000r\000i\000o\000s}{section.4}% 32
\BOOKMARK [1][-]{section.5}{\376\377\000R\000e\000s\000u\000l\000t\000s\000\040\000a\000n\000d\000\040\000D\000i\000s\000c\000u\000s\000s\000i\000o\000n}{}% 33
\BOOKMARK [2][-]{subsection.5.1}{\376\377\000M\000o\000d\000e\000l\000\040\000v\000a\000l\000i\000d\000a\000t\000i\000o\000n}{section.5}% 34
\BOOKMARK [3][-]{subsubsection.5.1.1}{\376\377\000O\000v\000e\000r\000a\000l\000l\000\040\000v\000o\000l\000t\000a\000g\000e\000\040\000p\000r\000e\000d\000i\000c\000t\000i\000o\000n\000\040\000a\000c\000c\000u\000r\000a\000c\000y}{subsection.5.1}% 35
\BOOKMARK [3][-]{subsubsection.5.1.2}{\376\377\000C\000r\000o\000s\000s\000-\000b\000a\000t\000c\000h\000\040\000g\000e\000n\000e\000r\000a\000l\000i\000s\000a\000t\000i\000o\000n}{subsection.5.1}% 36
\BOOKMARK [3][-]{subsubsection.5.1.3}{\376\377\000V\000a\000l\000i\000d\000a\000t\000i\000o\000n\000\040\000u\000n\000d\000e\000r\000\040\000d\000y\000n\000a\000m\000i\000c\000\040\000l\000o\000a\000d\000\040\000p\000r\000o\000f\000i\000l\000e\000s}{subsection.5.1}% 37
\BOOKMARK [3][-]{subsubsection.5.1.4}{\376\377\000B\000o\000o\000t\000s\000t\000r\000a\000p\000\040\000c\000o\000n\000f\000i\000d\000e\000n\000c\000e\000\040\000i\000n\000t\000e\000r\000v\000a\000l\000s}{subsection.5.1}% 38
\BOOKMARK [3][-]{subsubsection.5.1.5}{\376\377\000R\000e\000s\000i\000d\000u\000a\000l\000\040\000a\000n\000a\000l\000y\000s\000i\000s}{subsection.5.1}% 39
\BOOKMARK [2][-]{subsection.5.2}{\376\377\000T\000T\000E\000\040\000p\000r\000e\000d\000i\000c\000t\000i\000o\000n\000\040\000a\000n\000d\000\040\000s\000c\000e\000n\000a\000r\000i\000o\000\040\000a\000n\000a\000l\000y\000s\000i\000s}{section.5}% 40
\BOOKMARK [3][-]{subsubsection.5.2.1}{\376\377\000S\000t\000e\000a\000d\000y\000-\000s\000t\000a\000t\000e\000\040\000u\000s\000a\000g\000e\000\040\000s\000c\000e\000n\000a\000r\000i\000o\000s}{subsection.5.2}% 41
\BOOKMARK [3][-]{subsubsection.5.2.2}{\376\377\000D\000y\000n\000a\000m\000i\000c\000\040\000m\000i\000x\000e\000d\000-\000u\000s\000a\000g\000e\000\040\000s\000c\000e\000n\000a\000r\000i\000o}{subsection.5.2}% 42
\BOOKMARK [2][-]{subsection.5.3}{\376\377\000S\000e\000n\000s\000i\000t\000i\000v\000i\000t\000y\000,\000\040\000a\000b\000l\000a\000t\000i\000o\000n\000,\000\040\000a\000n\000d\000\040\000m\000u\000l\000t\000i\000-\000c\000o\000n\000d\000i\000t\000i\000o\000n\000\040\000a\000n\000a\000l\000y\000s\000i\000s}{section.5}% 43
\BOOKMARK [3][-]{subsubsection.5.3.1}{\376\377\000A\000b\000l\000a\000t\000i\000o\000n\000\040\000s\000t\000u\000d\000y}{subsection.5.3}% 44
\BOOKMARK [3][-]{subsubsection.5.3.2}{\376\377\000P\000a\000r\000a\000m\000e\000t\000e\000r\000\040\000s\000e\000n\000s\000i\000t\000i\000v\000i\000t\000y\000\040\000a\000n\000a\000l\000y\000s\000i\000s}{subsection.5.3}% 45
\BOOKMARK [3][-]{subsubsection.5.3.3}{\376\377\000T\000e\000m\000p\000e\000r\000a\000t\000u\000r\000e\000\040\000i\000m\000p\000a\000c\000t\000\040\000o\000n\000\040\000T\000T\000E}{subsection.5.3}% 46
\BOOKMARK [3][-]{subsubsection.5.3.4}{\376\377\000A\000g\000i\000n\000g\000\040\000i\000m\000p\000a\000c\000t\000\040\000a\000n\000d\000\040\000d\000e\000g\000r\000a\000d\000a\000t\000i\000o\000n\000\040\000t\000r\000a\000j\000e\000c\000t\000o\000r\000i\000e\000s}{subsection.5.3}% 47
\BOOKMARK [2][-]{subsection.5.4}{\376\377\000E\000n\000g\000i\000n\000e\000e\000r\000i\000n\000g\000\040\000i\000m\000p\000l\000i\000c\000a\000t\000i\000o\000n\000s\000\040\000a\000n\000d\000\040\000e\000n\000e\000r\000g\000y\000\040\000m\000a\000n\000a\000g\000e\000m\000e\000n\000t}{section.5}% 48
\BOOKMARK [3][-]{subsubsection.5.4.1}{\376\377\000E\000n\000g\000i\000n\000e\000e\000r\000i\000n\000g\000\040\000i\000m\000p\000l\000i\000c\000a\000t\000i\000o\000n\000s}{subsection.5.4}% 49
\BOOKMARK [3][-]{subsubsection.5.4.2}{\376\377\000A\000d\000a\000p\000t\000i\000v\000e\000\040\000e\000n\000e\000r\000g\000y\000\040\000m\000a\000n\000a\000g\000e\000m\000e\000n\000t\000\040\000o\000p\000t\000i\000m\000i\000s\000a\000t\000i\000o\000n}{subsection.5.4}% 50
\BOOKMARK [1][-]{section.6}{\376\377\000C\000o\000n\000c\000l\000u\000s\000i\000o\000n\000s\000\040\000a\000n\000d\000\040\000F\000u\000t\000u\000r\000e\000\040\000W\000o\000r\000k}{}% 51
\BOOKMARK [1][-]{appendix.A}{\376\377\000P\000r\000o\000o\000f\000\040\000o\000f\000\040\000P\000r\000o\000p\000o\000s\000i\000t\000i\000o\000n\000\040\0001}{}% 52
