This is pdfTeX, Version 3.141592653-2.6-1.40.28 (MiKTeX 25.12) (preloaded format=pdflatex 2026.3.11)  11 MAR 2026 16:13
entering extended mode
 restricted \write18 enabled.
 %&-line parsing enabled.
**./paper.tex
(paper.tex
LaTeX2e <2025-11-01>
L3 programming layer <2025-12-24>

(C:\Users\wangy\AppData\Local\Programs\MiKTeX\tex/latex/elsarticle\elsarticle.c
ls
Document Class: elsarticle 2026/01/09, 3.5: Elsevier Ltd
(C:\Users\wangy\AppData\Local\Programs\MiKTeX\tex/latex/base\fontenc.sty
Package: fontenc 2025/07/18 v2.1d Standard LaTeX package
)
(C:\Users\wangy\AppData\Local\Programs\MiKTeX\tex/latex/l3kernel\expl3.sty
Package: expl3 2025-12-24 L3 programming layer (loader) 

(C:\Users\wangy\AppData\Local\Programs\MiKTeX\tex/latex/l3backend\l3backend-pdf
tex.def
File: l3backend-pdftex.def 2025-10-09 L3 backend support: PDF output (pdfTeX)
\l__color_backend_stack_int=\count275
))
(C:\Users\wangy\AppData\Local\Programs\MiKTeX\tex/latex/l3packages/xparse\xpars
e.sty
Package: xparse 2025-10-09 L3 Experimental document command parser
)
(C:\Users\wangy\AppData\Local\Programs\MiKTeX\tex/latex/etoolbox\etoolbox.sty
Package: etoolbox 2025/10/02 v2.5m e-TeX tools for LaTeX (JAW)
\etb@tempcnta=\count276
)
\@bls=\dimen148

(C:\Users\wangy\AppData\Local\Programs\MiKTeX\tex/latex/base\article.cls
Document Class: article 2025/01/22 v1.4n Standard LaTeX document class
(C:\Users\wangy\AppData\Local\Programs\MiKTeX\tex/latex/base\size10.clo
File: size10.clo 2025/01/22 v1.4n Standard LaTeX file (size option)
)
\c@part=\count277
\c@section=\count278
\c@subsection=\count279
\c@subsubsection=\count280
\c@paragraph=\count281
\c@subparagraph=\count282
\c@figure=\count283
\c@table=\count284
\abovecaptionskip=\skip49
\belowcaptionskip=\skip50
\bibindent=\dimen149
)
(C:\Users\wangy\AppData\Local\Programs\MiKTeX\tex/latex/graphics\graphicx.sty
Package: graphicx 2024/12/31 v1.2e Enhanced LaTeX Graphics (DPC,SPQR)

(C:\Users\wangy\AppData\Local\Programs\MiKTeX\tex/latex/graphics\keyval.sty
Package: keyval 2022/05/29 v1.15 key=value parser (DPC)
\KV@toks@=\toks17
)
(C:\Users\wangy\AppData\Local\Programs\MiKTeX\tex/latex/graphics\graphics.sty
Package: graphics 2024/08/06 v1.4g Standard LaTeX Graphics (DPC,SPQR)

(C:\Users\wangy\AppData\Local\Programs\MiKTeX\tex/latex/graphics\trig.sty
Package: trig 2023/12/02 v1.11 sin cos tan (DPC)
)
(C:\Users\wangy\AppData\Local\Programs\MiKTeX\tex/latex/graphics-cfg\graphics.c
fg
File: graphics.cfg 2016/06/04 v1.11 sample graphics configuration
)
Package graphics Info: Driver file: pdftex.def on input line 106.

(C:\Users\wangy\AppData\Local\Programs\MiKTeX\tex/latex/graphics-def\pdftex.def
File: pdftex.def 2025/09/29 v1.2d Graphics/color driver for pdftex
))
\Gin@req@height=\dimen150
\Gin@req@width=\dimen151
)
\c@tnote=\count285
\c@fnote=\count286
\c@cnote=\count287
\c@ead=\count288
\c@elsarticle@author=\count289
\@eadauthor=\toks18
\c@affn=\count290
\absbox=\box53
\elsarticlehighlightsbox=\box54
\elsarticlegrabsbox=\box55
\keybox=\box56
\Columnwidth=\dimen152
\space@left=\dimen153
\els@boxa=\box57
\els@boxb=\box58
\leftMargin=\dimen154
\@enLab=\toks19
\@sep=\skip51
\@@sep=\skip52
 (paper.spl)
(C:\Users\wangy\AppData\Local\Programs\MiKTeX\tex/latex/natbib\natbib.sty
Package: natbib 2010/09/13 8.31b (PWD, AO)
\bibhang=\skip53
\bibsep=\skip54
LaTeX Info: Redefining \cite on input line 694.
\c@NAT@ctr=\count291
)
\splwrite=\write3
\openout3 = `paper.spl'.


(C:\Users\wangy\AppData\Local\Programs\MiKTeX\tex/latex/geometry\geometry.sty
Package: geometry 2020/01/02 v5.9 Page Geometry

(C:\Users\wangy\AppData\Local\Programs\MiKTeX\tex/generic/iftex\ifvtex.sty
Package: ifvtex 2019/10/25 v1.7 ifvtex legacy package. Use iftex instead.

(C:\Users\wangy\AppData\Local\Programs\MiKTeX\tex/generic/iftex\iftex.sty
Package: iftex 2024/12/12 v1.0g TeX engine tests
))
\Gm@cnth=\count292
\Gm@cntv=\count293
\c@Gm@tempcnt=\count294
\Gm@bindingoffset=\dimen155
\Gm@wd@mp=\dimen156
\Gm@odd@mp=\dimen157
\Gm@even@mp=\dimen158
\Gm@layoutwidth=\dimen159
\Gm@layoutheight=\dimen160
\Gm@layouthoffset=\dimen161
\Gm@layoutvoffset=\dimen162
\Gm@dimlist=\toks20

(C:\Users\wangy\AppData\Local\Programs\MiKTeX\tex/latex/geometry\geometry.cfg))
(C:\Users\wangy\AppData\Local\Programs\MiKTeX\tex/latex/base\fleqn.clo
File: fleqn.clo 2016/12/29 v1.2b Standard LaTeX option (flush left equations)
\mathindent=\skip55
Applying: [2015/01/01] Make \[ robust on input line 50.
LaTeX Info: Redefining \[ on input line 51.
Already applied: [0000/00/00] Make \[ robust on input line 62.
Applying: [2015/01/01] Make \] robust on input line 74.
LaTeX Info: Redefining \] on input line 75.
Already applied: [0000/00/00] Make \] robust on input line 83.
)
\appnamewidth=\dimen163
)
(C:\Users\wangy\AppData\Local\Programs\MiKTeX\tex/latex/txfonts\txfonts.sty
Package: txfonts 2008/01/22 v3.2.1
LaTeX Font Info:    Redeclaring symbol font `operators' on input line 21.
LaTeX Font Info:    Overwriting symbol font `operators' in version `normal'
(Font)                  OT1/cmr/m/n --> OT1/txr/m/n on input line 21.
LaTeX Font Info:    Overwriting symbol font `operators' in version `bold'
(Font)                  OT1/cmr/bx/n --> OT1/txr/m/n on input line 21.
LaTeX Font Info:    Overwriting symbol font `operators' in version `bold'
(Font)                  OT1/txr/m/n --> OT1/txr/bx/n on input line 22.
\symitalic=\mathgroup4
LaTeX Font Info:    Overwriting symbol font `italic' in version `bold'
(Font)                  OT1/txr/m/it --> OT1/txr/bx/it on input line 26.
LaTeX Font Info:    Redeclaring math alphabet \mathbf on input line 29.
LaTeX Font Info:    Overwriting math alphabet `\mathbf' in version `normal'
(Font)                  OT1/cmr/bx/n --> OT1/txr/bx/n on input line 29.
LaTeX Font Info:    Overwriting math alphabet `\mathbf' in version `bold'
(Font)                  OT1/cmr/bx/n --> OT1/txr/bx/n on input line 29.
LaTeX Font Info:    Redeclaring math alphabet \mathit on input line 30.
LaTeX Font Info:    Overwriting math alphabet `\mathit' in version `normal'
(Font)                  OT1/cmr/m/it --> OT1/txr/m/it on input line 30.
LaTeX Font Info:    Overwriting math alphabet `\mathit' in version `bold'
(Font)                  OT1/cmr/bx/it --> OT1/txr/m/it on input line 30.
LaTeX Font Info:    Overwriting math alphabet `\mathit' in version `bold'
(Font)                  OT1/txr/m/it --> OT1/txr/bx/it on input line 31.
LaTeX Font Info:    Redeclaring math alphabet \mathsf on input line 40.
LaTeX Font Info:    Overwriting math alphabet `\mathsf' in version `normal'
(Font)                  OT1/cmss/m/n --> OT1/txss/m/n on input line 40.
LaTeX Font Info:    Overwriting math alphabet `\mathsf' in version `bold'
(Font)                  OT1/cmss/bx/n --> OT1/txss/m/n on input line 40.
LaTeX Font Info:    Overwriting math alphabet `\mathsf' in version `bold'
(Font)                  OT1/txss/m/n --> OT1/txss/b/n on input line 41.
LaTeX Font Info:    Redeclaring math alphabet \mathtt on input line 50.
LaTeX Font Info:    Overwriting math alphabet `\mathtt' in version `normal'
(Font)                  OT1/cmtt/m/n --> OT1/txtt/m/n on input line 50.
LaTeX Font Info:    Overwriting math alphabet `\mathtt' in version `bold'
(Font)                  OT1/cmtt/m/n --> OT1/txtt/m/n on input line 50.
LaTeX Font Info:    Overwriting math alphabet `\mathtt' in version `bold'
(Font)                  OT1/txtt/m/n --> OT1/txtt/b/n on input line 51.
LaTeX Font Info:    Redeclaring symbol font `letters' on input line 58.
LaTeX Font Info:    Overwriting symbol font `letters' in version `normal'
(Font)                  OML/cmm/m/it --> OML/txmi/m/it on input line 58.
LaTeX Font Info:    Overwriting symbol font `letters' in version `bold'
(Font)                  OML/cmm/b/it --> OML/txmi/m/it on input line 58.
LaTeX Font Info:    Overwriting symbol font `letters' in version `bold'
(Font)                  OML/txmi/m/it --> OML/txmi/bx/it on input line 59.
\symlettersA=\mathgroup5
LaTeX Font Info:    Overwriting symbol font `lettersA' in version `bold'
(Font)                  U/txmia/m/it --> U/txmia/bx/it on input line 67.
LaTeX Font Info:    Redeclaring symbol font `symbols' on input line 77.
LaTeX Font Info:    Overwriting symbol font `symbols' in version `normal'
(Font)                  OMS/cmsy/m/n --> OMS/txsy/m/n on input line 77.
LaTeX Font Info:    Overwriting symbol font `symbols' in version `bold'
(Font)                  OMS/cmsy/b/n --> OMS/txsy/m/n on input line 77.
LaTeX Font Info:    Overwriting symbol font `symbols' in version `bold'
(Font)                  OMS/txsy/m/n --> OMS/txsy/bx/n on input line 78.
\symAMSa=\mathgroup6
LaTeX Font Info:    Overwriting symbol font `AMSa' in version `bold'
(Font)                  U/txsya/m/n --> U/txsya/bx/n on input line 94.
\symAMSb=\mathgroup7
LaTeX Font Info:    Overwriting symbol font `AMSb' in version `bold'
(Font)                  U/txsyb/m/n --> U/txsyb/bx/n on input line 103.
\symsymbolsC=\mathgroup8
LaTeX Font Info:    Overwriting symbol font `symbolsC' in version `bold'
(Font)                  U/txsyc/m/n --> U/txsyc/bx/n on input line 113.
LaTeX Font Info:    Redeclaring symbol font `largesymbols' on input line 120.
LaTeX Font Info:    Overwriting symbol font `largesymbols' in version `normal'
(Font)                  OMX/cmex/m/n --> OMX/txex/m/n on input line 120.
LaTeX Font Info:    Overwriting symbol font `largesymbols' in version `bold'
(Font)                  OMX/cmex/m/n --> OMX/txex/m/n on input line 120.
LaTeX Font Info:    Overwriting symbol font `largesymbols' in version `bold'
(Font)                  OMX/txex/m/n --> OMX/txex/bx/n on input line 121.
\symlargesymbolsA=\mathgroup9
LaTeX Font Info:    Overwriting symbol font `largesymbolsA' in version `bold'
(Font)                  U/txexa/m/n --> U/txexa/bx/n on input line 129.
LaTeX Encoding Info:    Redeclaring text symbol \L (encoding OT1) on input line
 160.
LaTeX Encoding Info:    Redeclaring text symbol \l (encoding OT1) on input line
 161.
LaTeX Font Info:    Redeclaring math symbol \mathsterling on input line 164.
LaTeX Font Info:    Redeclaring math symbol \hbar on input line 591.
LaTeX Info: Redefining \not on input line 1043.
)
(C:\Users\wangy\AppData\Local\Programs\MiKTeX\tex/latex/amsmath\amsmath.sty
Package: amsmath 2025/07/09 v2.17z AMS math features
\@mathmargin=\skip56

For additional information on amsmath, use the `?' option.
(C:\Users\wangy\AppData\Local\Programs\MiKTeX\tex/latex/amsmath\amstext.sty
Package: amstext 2024/11/17 v2.01 AMS text

(C:\Users\wangy\AppData\Local\Programs\MiKTeX\tex/latex/amsmath\amsgen.sty
File: amsgen.sty 1999/11/30 v2.0 generic functions
\@emptytoks=\toks21
\ex@=\dimen164
))
(C:\Users\wangy\AppData\Local\Programs\MiKTeX\tex/latex/amsmath\amsbsy.sty
Package: amsbsy 1999/11/29 v1.2d Bold Symbols
\pmbraise@=\dimen165
)
(C:\Users\wangy\AppData\Local\Programs\MiKTeX\tex/latex/amsmath\amsopn.sty
Package: amsopn 2022/04/08 v2.04 operator names
)
\inf@bad=\count295
LaTeX Info: Redefining \frac on input line 233.
\uproot@=\count296
\leftroot@=\count297
LaTeX Info: Redefining \overline on input line 398.
LaTeX Info: Redefining \colon on input line 409.
\classnum@=\count298
\DOTSCASE@=\count299
LaTeX Info: Redefining \ldots on input line 495.
LaTeX Info: Redefining \dots on input line 498.
LaTeX Info: Redefining \cdots on input line 619.
\Mathstrutbox@=\box59
\strutbox@=\box60
LaTeX Info: Redefining \big on input line 721.
LaTeX Info: Redefining \Big on input line 722.
LaTeX Info: Redefining \bigg on input line 723.
LaTeX Info: Redefining \Bigg on input line 724.
\big@size=\dimen166
LaTeX Font Info:    Redeclaring font encoding OML on input line 742.
LaTeX Font Info:    Redeclaring font encoding OMS on input line 743.
\macc@depth=\count300
LaTeX Info: Redefining \bmod on input line 904.
LaTeX Info: Redefining \pmod on input line 909.
LaTeX Info: Redefining \smash on input line 939.
LaTeX Info: Redefining \relbar on input line 969.
LaTeX Info: Redefining \Relbar on input line 970.
\c@MaxMatrixCols=\count301
\dotsspace@=\muskip17
\c@parentequation=\count302
\dspbrk@lvl=\count303
\tag@help=\toks22
\row@=\count304
\column@=\count305
\maxfields@=\count306
\andhelp@=\toks23
\eqnshift@=\dimen167
\alignsep@=\dimen168
\tagshift@=\dimen169
\tagwidth@=\dimen170
\totwidth@=\dimen171
\lineht@=\dimen172
\@envbody=\toks24
\multlinegap=\skip57
\multlinetaggap=\skip58
\mathdisplay@stack=\toks25
LaTeX Info: Redefining \[ on input line 2950.
LaTeX Info: Redefining \] on input line 2951.
)
(C:\Users\wangy\AppData\Local\Programs\MiKTeX\tex/latex/amsfonts\amssymb.sty
Package: amssymb 2013/01/14 v3.01 AMS font symbols

(C:\Users\wangy\AppData\Local\Programs\MiKTeX\tex/latex/amsfonts\amsfonts.sty
Package: amsfonts 2013/01/14 v3.01 Basic AMSFonts support
LaTeX Font Info:    Redeclaring symbol font `AMSa' on input line 59.
LaTeX Font Info:    Overwriting symbol font `AMSa' in version `normal'
(Font)                  U/txsya/m/n --> U/msa/m/n on input line 59.
LaTeX Font Info:    Overwriting symbol font `AMSa' in version `bold'
(Font)                  U/txsya/bx/n --> U/msa/m/n on input line 59.
LaTeX Font Info:    Redeclaring symbol font `AMSb' on input line 60.
LaTeX Font Info:    Overwriting symbol font `AMSb' in version `normal'
(Font)                  U/txsyb/m/n --> U/msb/m/n on input line 60.
LaTeX Font Info:    Overwriting symbol font `AMSb' in version `bold'
(Font)                  U/txsyb/bx/n --> U/msb/m/n on input line 60.
LaTeX Font Info:    Redeclaring math delimiter \ulcorner on input line 74.
LaTeX Font Info:    Redeclaring math delimiter \urcorner on input line 75.
LaTeX Font Info:    Redeclaring math delimiter \llcorner on input line 76.
LaTeX Font Info:    Redeclaring math delimiter \lrcorner on input line 77.
LaTeX Font Info:    Redeclaring math symbol \square on input line 141.
LaTeX Font Info:    Redeclaring math symbol \lozenge on input line 142.
)
LaTeX Font Info:    Redeclaring math symbol \boxdot on input line 44.
LaTeX Font Info:    Redeclaring math symbol \boxplus on input line 45.
LaTeX Font Info:    Redeclaring math symbol \boxtimes on input line 46.
LaTeX Font Info:    Redeclaring math symbol \blacksquare on input line 48.
LaTeX Font Info:    Redeclaring math symbol \centerdot on input line 49.
LaTeX Font Info:    Redeclaring math symbol \blacklozenge on input line 51.
LaTeX Font Info:    Redeclaring math symbol \circlearrowright on input line 52.

LaTeX Font Info:    Redeclaring math symbol \circlearrowleft on input line 53.
LaTeX Font Info:    Redeclaring math symbol \leftrightharpoons on input line 56
.
LaTeX Font Info:    Redeclaring math symbol \boxminus on input line 57.
LaTeX Font Info:    Redeclaring math symbol \Vdash on input line 58.
LaTeX Font Info:    Redeclaring math symbol \Vvdash on input line 59.
LaTeX Font Info:    Redeclaring math symbol \vDash on input line 60.
LaTeX Font Info:    Redeclaring math symbol \twoheadrightarrow on input line 61
.
LaTeX Font Info:    Redeclaring math symbol \twoheadleftarrow on input line 62.

LaTeX Font Info:    Redeclaring math symbol \leftleftarrows on input line 63.
LaTeX Font Info:    Redeclaring math symbol \rightrightarrows on input line 64.

LaTeX Font Info:    Redeclaring math symbol \upuparrows on input line 65.
LaTeX Font Info:    Redeclaring math symbol \downdownarrows on input line 66.
LaTeX Font Info:    Redeclaring math symbol \upharpoonright on input line 67.
LaTeX Font Info:    Redeclaring math symbol \downharpoonright on input line 69.

LaTeX Font Info:    Redeclaring math symbol \upharpoonleft on input line 70.
LaTeX Font Info:    Redeclaring math symbol \downharpoonleft on input line 71.
LaTeX Font Info:    Redeclaring math symbol \rightarrowtail on input line 72.
LaTeX Font Info:    Redeclaring math symbol \leftarrowtail on input line 73.
LaTeX Font Info:    Redeclaring math symbol \leftrightarrows on input line 74.
LaTeX Font Info:    Redeclaring math symbol \rightleftarrows on input line 75.
LaTeX Font Info:    Redeclaring math symbol \Lsh on input line 76.
LaTeX Font Info:    Redeclaring math symbol \Rsh on input line 77.
LaTeX Font Info:    Redeclaring math symbol \leftrightsquigarrow on input line 
79.
LaTeX Font Info:    Redeclaring math symbol \looparrowleft on input line 80.
LaTeX Font Info:    Redeclaring math symbol \looparrowright on input line 81.
LaTeX Font Info:    Redeclaring math symbol \circeq on input line 82.
LaTeX Font Info:    Redeclaring math symbol \succsim on input line 83.
LaTeX Font Info:    Redeclaring math symbol \gtrsim on input line 84.
LaTeX Font Info:    Redeclaring math symbol \gtrapprox on input line 85.
LaTeX Font Info:    Redeclaring math symbol \multimap on input line 86.
LaTeX Font Info:    Redeclaring math symbol \therefore on input line 87.
LaTeX Font Info:    Redeclaring math symbol \because on input line 88.
LaTeX Font Info:    Redeclaring math symbol \doteqdot on input line 89.
LaTeX Font Info:    Redeclaring math symbol \triangleq on input line 91.
LaTeX Font Info:    Redeclaring math symbol \precsim on input line 92.
LaTeX Font Info:    Redeclaring math symbol \lesssim on input line 93.
LaTeX Font Info:    Redeclaring math symbol \lessapprox on input line 94.
LaTeX Font Info:    Redeclaring math symbol \eqslantless on input line 95.
LaTeX Font Info:    Redeclaring math symbol \eqslantgtr on input line 96.
LaTeX Font Info:    Redeclaring math symbol \curlyeqprec on input line 97.
LaTeX Font Info:    Redeclaring math symbol \curlyeqsucc on input line 98.
LaTeX Font Info:    Redeclaring math symbol \preccurlyeq on input line 99.
LaTeX Font Info:    Redeclaring math symbol \leqq on input line 100.
LaTeX Font Info:    Redeclaring math symbol \leqslant on input line 101.
LaTeX Font Info:    Redeclaring math symbol \lessgtr on input line 102.
LaTeX Font Info:    Redeclaring math symbol \backprime on input line 103.
LaTeX Font Info:    Redeclaring math symbol \risingdotseq on input line 104.
LaTeX Font Info:    Redeclaring math symbol \fallingdotseq on input line 105.
LaTeX Font Info:    Redeclaring math symbol \succcurlyeq on input line 106.
LaTeX Font Info:    Redeclaring math symbol \geqq on input line 107.
LaTeX Font Info:    Redeclaring math symbol \geqslant on input line 108.
LaTeX Font Info:    Redeclaring math symbol \gtrless on input line 109.
LaTeX Font Info:    Redeclaring math symbol \bigstar on input line 117.
LaTeX Font Info:    Redeclaring math symbol \between on input line 118.
LaTeX Font Info:    Redeclaring math symbol \blacktriangledown on input line 11
9.
LaTeX Font Info:    Redeclaring math symbol \blacktriangleright on input line 1
20.
LaTeX Font Info:    Redeclaring math symbol \blacktriangleleft on input line 12
1.
LaTeX Font Info:    Redeclaring math symbol \vartriangle on input line 122.
LaTeX Font Info:    Redeclaring math symbol \blacktriangle on input line 123.
LaTeX Font Info:    Redeclaring math symbol \triangledown on input line 124.
LaTeX Font Info:    Redeclaring math symbol \eqcirc on input line 125.
LaTeX Font Info:    Redeclaring math symbol \lesseqgtr on input line 126.
LaTeX Font Info:    Redeclaring math symbol \gtreqless on input line 127.
LaTeX Font Info:    Redeclaring math symbol \lesseqqgtr on input line 128.
LaTeX Font Info:    Redeclaring math symbol \gtreqqless on input line 129.
LaTeX Font Info:    Redeclaring math symbol \Rrightarrow on input line 130.
LaTeX Font Info:    Redeclaring math symbol \Lleftarrow on input line 131.
LaTeX Font Info:    Redeclaring math symbol \veebar on input line 132.
LaTeX Font Info:    Redeclaring math symbol \barwedge on input line 133.
LaTeX Font Info:    Redeclaring math symbol \doublebarwedge on input line 134.
LaTeX Font Info:    Redeclaring math symbol \measuredangle on input line 137.
LaTeX Font Info:    Redeclaring math symbol \sphericalangle on input line 138.
LaTeX Font Info:    Redeclaring math symbol \varpropto on input line 139.
LaTeX Font Info:    Redeclaring math symbol \smallsmile on input line 140.
LaTeX Font Info:    Redeclaring math symbol \smallfrown on input line 141.
LaTeX Font Info:    Redeclaring math symbol \Subset on input line 142.
LaTeX Font Info:    Redeclaring math symbol \Supset on input line 143.
LaTeX Font Info:    Redeclaring math symbol \Cup on input line 144.
LaTeX Font Info:    Redeclaring math symbol \Cap on input line 146.
LaTeX Font Info:    Redeclaring math symbol \curlywedge on input line 148.
LaTeX Font Info:    Redeclaring math symbol \curlyvee on input line 149.
LaTeX Font Info:    Redeclaring math symbol \leftthreetimes on input line 150.
LaTeX Font Info:    Redeclaring math symbol \rightthreetimes on input line 151.

LaTeX Font Info:    Redeclaring math symbol \subseteqq on input line 152.
LaTeX Font Info:    Redeclaring math symbol \supseteqq on input line 153.
LaTeX Font Info:    Redeclaring math symbol \bumpeq on input line 154.
LaTeX Font Info:    Redeclaring math symbol \Bumpeq on input line 155.
LaTeX Font Info:    Redeclaring math symbol \lll on input line 156.
LaTeX Font Info:    Redeclaring math symbol \ggg on input line 158.
LaTeX Font Info:    Redeclaring math symbol \circledS on input line 160.
LaTeX Font Info:    Redeclaring math symbol \pitchfork on input line 161.
LaTeX Font Info:    Redeclaring math symbol \dotplus on input line 162.
LaTeX Font Info:    Redeclaring math symbol \backsim on input line 163.
LaTeX Font Info:    Redeclaring math symbol \backsimeq on input line 164.
LaTeX Font Info:    Redeclaring math symbol \complement on input line 165.
LaTeX Font Info:    Redeclaring math symbol \intercal on input line 166.
LaTeX Font Info:    Redeclaring math symbol \circledcirc on input line 167.
LaTeX Font Info:    Redeclaring math symbol \circledast on input line 168.
LaTeX Font Info:    Redeclaring math symbol \circleddash on input line 169.
LaTeX Font Info:    Redeclaring math symbol \lvertneqq on input line 171.
LaTeX Font Info:    Redeclaring math symbol \gvertneqq on input line 172.
LaTeX Font Info:    Redeclaring math symbol \nleq on input line 173.
LaTeX Font Info:    Redeclaring math symbol \ngeq on input line 174.
LaTeX Font Info:    Redeclaring math symbol \nless on input line 175.
LaTeX Font Info:    Redeclaring math symbol \ngtr on input line 176.
LaTeX Font Info:    Redeclaring math symbol \nprec on input line 177.
LaTeX Font Info:    Redeclaring math symbol \nsucc on input line 178.
LaTeX Font Info:    Redeclaring math symbol \lneqq on input line 179.
LaTeX Font Info:    Redeclaring math symbol \gneqq on input line 180.
LaTeX Font Info:    Redeclaring math symbol \nleqslant on input line 181.
LaTeX Font Info:    Redeclaring math symbol \ngeqslant on input line 182.
LaTeX Font Info:    Redeclaring math symbol \lneq on input line 183.
LaTeX Font Info:    Redeclaring math symbol \gneq on input line 184.
LaTeX Font Info:    Redeclaring math symbol \npreceq on input line 185.
LaTeX Font Info:    Redeclaring math symbol \nsucceq on input line 186.
LaTeX Font Info:    Redeclaring math symbol \precnsim on input line 187.
LaTeX Font Info:    Redeclaring math symbol \succnsim on input line 188.
LaTeX Font Info:    Redeclaring math symbol \lnsim on input line 189.
LaTeX Font Info:    Redeclaring math symbol \gnsim on input line 190.
LaTeX Font Info:    Redeclaring math symbol \nleqq on input line 191.
LaTeX Font Info:    Redeclaring math symbol \ngeqq on input line 192.
LaTeX Font Info:    Redeclaring math symbol \precneqq on input line 193.
LaTeX Font Info:    Redeclaring math symbol \succneqq on input line 194.
LaTeX Font Info:    Redeclaring math symbol \precnapprox on input line 195.
LaTeX Font Info:    Redeclaring math symbol \succnapprox on input line 196.
LaTeX Font Info:    Redeclaring math symbol \lnapprox on input line 197.
LaTeX Font Info:    Redeclaring math symbol \gnapprox on input line 198.
LaTeX Font Info:    Redeclaring math symbol \nsim on input line 199.
LaTeX Font Info:    Redeclaring math symbol \ncong on input line 200.
LaTeX Font Info:    Redeclaring math symbol \diagup on input line 201.
LaTeX Font Info:    Redeclaring math symbol \diagdown on input line 202.
LaTeX Font Info:    Redeclaring math symbol \varsubsetneq on input line 203.
LaTeX Font Info:    Redeclaring math symbol \varsupsetneq on input line 204.
LaTeX Font Info:    Redeclaring math symbol \nsubseteqq on input line 205.
LaTeX Font Info:    Redeclaring math symbol \nsupseteqq on input line 206.
LaTeX Font Info:    Redeclaring math symbol \subsetneqq on input line 207.
LaTeX Font Info:    Redeclaring math symbol \supsetneqq on input line 208.
LaTeX Font Info:    Redeclaring math symbol \varsubsetneqq on input line 209.
LaTeX Font Info:    Redeclaring math symbol \varsupsetneqq on input line 210.
LaTeX Font Info:    Redeclaring math symbol \subsetneq on input line 211.
LaTeX Font Info:    Redeclaring math symbol \supsetneq on input line 212.
LaTeX Font Info:    Redeclaring math symbol \nsubseteq on input line 213.
LaTeX Font Info:    Redeclaring math symbol \nsupseteq on input line 214.
LaTeX Font Info:    Redeclaring math symbol \nparallel on input line 215.
LaTeX Font Info:    Redeclaring math symbol \nmid on input line 216.
LaTeX Font Info:    Redeclaring math symbol \nshortmid on input line 217.
LaTeX Font Info:    Redeclaring math symbol \nshortparallel on input line 218.
LaTeX Font Info:    Redeclaring math symbol \nvdash on input line 219.
LaTeX Font Info:    Redeclaring math symbol \nVdash on input line 220.
LaTeX Font Info:    Redeclaring math symbol \nvDash on input line 221.
LaTeX Font Info:    Redeclaring math symbol \nVDash on input line 222.
LaTeX Font Info:    Redeclaring math symbol \ntrianglerighteq on input line 223
.
LaTeX Font Info:    Redeclaring math symbol \ntrianglelefteq on input line 224.

LaTeX Font Info:    Redeclaring math symbol \ntriangleleft on input line 225.
LaTeX Font Info:    Redeclaring math symbol \ntriangleright on input line 226.
LaTeX Font Info:    Redeclaring math symbol \nleftarrow on input line 227.
LaTeX Font Info:    Redeclaring math symbol \nrightarrow on input line 228.
LaTeX Font Info:    Redeclaring math symbol \nLeftarrow on input line 229.
LaTeX Font Info:    Redeclaring math symbol \nRightarrow on input line 230.
LaTeX Font Info:    Redeclaring math symbol \nLeftrightarrow on input line 231.

LaTeX Font Info:    Redeclaring math symbol \nleftrightarrow on input line 232.

LaTeX Font Info:    Redeclaring math symbol \divideontimes on input line 233.
LaTeX Font Info:    Redeclaring math symbol \varnothing on input line 234.
LaTeX Font Info:    Redeclaring math symbol \nexists on input line 235.
LaTeX Font Info:    Redeclaring math symbol \Finv on input line 236.
LaTeX Font Info:    Redeclaring math symbol \Game on input line 237.
LaTeX Font Info:    Redeclaring math symbol \eth on input line 240.
LaTeX Font Info:    Redeclaring math symbol \eqsim on input line 241.
LaTeX Font Info:    Redeclaring math symbol \beth on input line 242.
LaTeX Font Info:    Redeclaring math symbol \gimel on input line 243.
LaTeX Font Info:    Redeclaring math symbol \daleth on input line 244.
LaTeX Font Info:    Redeclaring math symbol \lessdot on input line 245.
LaTeX Font Info:    Redeclaring math symbol \gtrdot on input line 246.
LaTeX Font Info:    Redeclaring math symbol \ltimes on input line 247.
LaTeX Font Info:    Redeclaring math symbol \rtimes on input line 248.
LaTeX Font Info:    Redeclaring math symbol \shortmid on input line 249.
LaTeX Font Info:    Redeclaring math symbol \shortparallel on input line 250.
LaTeX Font Info:    Redeclaring math symbol \smallsetminus on input line 251.
LaTeX Font Info:    Redeclaring math symbol \thicksim on input line 252.
LaTeX Font Info:    Redeclaring math symbol \thickapprox on input line 253.
LaTeX Font Info:    Redeclaring math symbol \approxeq on input line 254.
LaTeX Font Info:    Redeclaring math symbol \succapprox on input line 255.
LaTeX Font Info:    Redeclaring math symbol \precapprox on input line 256.
LaTeX Font Info:    Redeclaring math symbol \curvearrowleft on input line 257.
LaTeX Font Info:    Redeclaring math symbol \curvearrowright on input line 258.

LaTeX Font Info:    Redeclaring math symbol \digamma on input line 259.
LaTeX Font Info:    Redeclaring math symbol \varkappa on input line 260.
LaTeX Font Info:    Redeclaring math symbol \Bbbk on input line 261.
LaTeX Font Info:    Redeclaring math symbol \hslash on input line 262.
LaTeX Font Info:    Redeclaring math symbol \backepsilon on input line 265.
) (C:\Users\wangy\AppData\Local\Programs\MiKTeX\tex/latex/amscls\amsthm.sty
Package: amsthm 2020/05/29 v2.20.6
\thm@style=\toks26
\thm@bodyfont=\toks27
\thm@headfont=\toks28
\thm@notefont=\toks29
\thm@headpunct=\toks30
\thm@preskip=\skip59
\thm@postskip=\skip60
\thm@headsep=\skip61
\dth@everypar=\toks31
LaTeX Info: Redefining \qed on input line 273.
LaTeX Info: Redefining \textsquare on input line 427.
)
(C:\Users\wangy\AppData\Local\Programs\MiKTeX\tex/latex/base\inputenc.sty
Package: inputenc 2024/02/08 v1.3d Input encoding file
\inpenc@prehook=\toks32
\inpenc@posthook=\toks33
)
(C:\Users\wangy\AppData\Local\Programs\MiKTeX\tex/latex/booktabs\booktabs.sty
Package: booktabs 2020/01/12 v1.61803398 Publication quality tables
\heavyrulewidth=\dimen173
\lightrulewidth=\dimen174
\cmidrulewidth=\dimen175
\belowrulesep=\dimen176
\belowbottomsep=\dimen177
\aboverulesep=\dimen178
\abovetopsep=\dimen179
\cmidrulesep=\dimen180
\cmidrulekern=\dimen181
\defaultaddspace=\dimen182
\@cmidla=\count307
\@cmidlb=\count308
\@aboverulesep=\dimen183
\@belowrulesep=\dimen184
\@thisruleclass=\count309
\@lastruleclass=\count310
\@thisrulewidth=\dimen185
)
(C:\Users\wangy\AppData\Local\Programs\MiKTeX\tex/latex/multirow\multirow.sty
Package: multirow 2024/11/12 v2.9 Span multiple rows of a table
\multirow@colwidth=\skip62
\multirow@cntb=\count311
\multirow@dima=\skip63
\bigstrutjot=\dimen186
)
(C:\Users\wangy\AppData\Local\Programs\MiKTeX\tex/latex/xcolor\xcolor.sty
Package: xcolor 2024/09/29 v3.02 LaTeX color extensions (UK)

(C:\Users\wangy\AppData\Local\Programs\MiKTeX\tex/latex/graphics-cfg\color.cfg
File: color.cfg 2016/01/02 v1.6 sample color configuration
)
Package xcolor Info: Driver file: pdftex.def on input line 274.
(C:\Users\wangy\AppData\Local\Programs\MiKTeX\tex/latex/graphics\mathcolor.ltx)
Package xcolor Info: Model `cmy' substituted by `cmy0' on input line 1349.
Package xcolor Info: Model `hsb' substituted by `rgb' on input line 1353.
Package xcolor Info: Model `RGB' extended on input line 1365.
Package xcolor Info: Model `HTML' substituted by `rgb' on input line 1367.
Package xcolor Info: Model `Hsb' substituted by `hsb' on input line 1368.
Package xcolor Info: Model `tHsb' substituted by `hsb' on input line 1369.
Package xcolor Info: Model `HSB' substituted by `hsb' on input line 1370.
Package xcolor Info: Model `Gray' substituted by `gray' on input line 1371.
Package xcolor Info: Model `wave' substituted by `hsb' on input line 1372.
) (C:\Users\wangy\AppData\Local\Programs\MiKTeX\tex/latex/siunitx\siunitx.sty
Package: siunitx 2025-07-09 v3.4.14 A comprehensive (SI) units package
\l__siunitx_number_uncert_offset_int=\count312
\l__siunitx_number_exponent_fixed_int=\count313
\l__siunitx_number_min_decimal_int=\count314
\l__siunitx_number_min_integer_int=\count315
\l__siunitx_number_round_precision_int=\count316
\l__siunitx_number_lower_threshold_int=\count317
\l__siunitx_number_upper_threshold_int=\count318
\l__siunitx_number_group_first_int=\count319
\l__siunitx_number_group_size_int=\count320
\l__siunitx_number_group_minimum_int=\count321
\l__siunitx_angle_tmp_dim=\dimen187
\l__siunitx_angle_marker_box=\box61
\l__siunitx_angle_unit_box=\box62
\l__siunitx_compound_count_int=\count322

(C:\Users\wangy\AppData\Local\Programs\MiKTeX\tex/latex/translations\translatio
ns.sty
Package: translations 2022/02/05 v1.12 internationalization of LaTeX2e packages
 (CN)

(C:\Users\wangy\AppData\Local\Programs\MiKTeX\tex/generic/pdftexcmds\pdftexcmds
.sty
Package: pdftexcmds 2020-06-27 v0.33 Utility functions of pdfTeX for LuaTeX (HO
)

(C:\Users\wangy\AppData\Local\Programs\MiKTeX\tex/generic/infwarerr\infwarerr.s
ty
Package: infwarerr 2019/12/03 v1.5 Providing info/warning/error messages (HO)
)
(C:\Users\wangy\AppData\Local\Programs\MiKTeX\tex/generic/ltxcmds\ltxcmds.sty
Package: ltxcmds 2023-12-04 v1.26 LaTeX kernel commands for general use (HO)
)
Package pdftexcmds Info: \pdf@primitive is available.
Package pdftexcmds Info: \pdf@ifprimitive is available.
Package pdftexcmds Info: \pdfdraftmode found.
))
\l__siunitx_table_tmp_box=\box63
\l__siunitx_table_tmp_dim=\dimen188
\l__siunitx_table_column_width_dim=\dimen189
\l__siunitx_table_integer_box=\box64
\l__siunitx_table_decimal_box=\box65
\l__siunitx_table_uncert_box=\box66
\l__siunitx_table_before_box=\box67
\l__siunitx_table_after_box=\box68
\l__siunitx_table_before_dim=\dimen190
\l__siunitx_table_carry_dim=\dimen191
\l__siunitx_unit_tmp_int=\count323
\l__siunitx_unit_position_int=\count324
\l__siunitx_unit_total_int=\count325
 (C:\Users\wangy\AppData\Local\Programs\MiKTeX\tex/latex/tools\array.sty
Package: array 2025/09/25 v2.6n Tabular extension package (FMi)
\col@sep=\dimen192
\ar@mcellbox=\box69
\extrarowheight=\dimen193
\NC@list=\toks34
\extratabsurround=\skip64
\backup@length=\skip65
\ar@cellbox=\box70
))
(C:\Users\wangy\AppData\Local\Programs\MiKTeX\tex/latex/algorithms\algorithm.st
y
Package: algorithm 2009/08/24 v0.1 Document Style `algorithm' - floating enviro
nment
 (C:\Users\wangy\AppData\Local\Programs\MiKTeX\tex/latex/float\float.sty
Package: float 2001/11/08 v1.3d Float enhancements (AL)
\c@float@type=\count326
\float@exts=\toks35
\float@box=\box71
\@float@everytoks=\toks36
\@floatcapt=\box72
)
(C:\Users\wangy\AppData\Local\Programs\MiKTeX\tex/latex/base\ifthen.sty
Package: ifthen 2024/03/16 v1.1e Standard LaTeX ifthen package (DPC)
)
\@float@every@algorithm=\toks37
\c@algorithm=\count327
)
(C:\Users\wangy\AppData\Local\Programs\MiKTeX\tex/latex/algorithms\algorithmic.
sty
Package: algorithmic 2009/08/24 v0.1 Document Style `algorithmic'
\c@ALC@unique=\count328
\c@ALC@line=\count329
\c@ALC@rem=\count330
\c@ALC@depth=\count331
\ALC@tlm=\skip66
\algorithmicindent=\skip67
)
(C:\Users\wangy\AppData\Local\Programs\MiKTeX\tex/latex/hyperref\hyperref.sty
Package: hyperref 2025-07-12 v7.01o Hypertext links for LaTeX

(C:\Users\wangy\AppData\Local\Programs\MiKTeX\tex/latex/kvsetkeys\kvsetkeys.sty
Package: kvsetkeys 2022-10-05 v1.19 Key value parser (HO)
)
(C:\Users\wangy\AppData\Local\Programs\MiKTeX\tex/generic/kvdefinekeys\kvdefine
keys.sty
Package: kvdefinekeys 2019-12-19 v1.6 Define keys (HO)
)
(C:\Users\wangy\AppData\Local\Programs\MiKTeX\tex/generic/pdfescape\pdfescape.s
ty
Package: pdfescape 2019/12/09 v1.15 Implements pdfTeX's escape features (HO)
) (C:\Users\wangy\AppData\Local\Programs\MiKTeX\tex/latex/hycolor\hycolor.sty
Package: hycolor 2020-01-27 v1.10 Color options for hyperref/bookmark (HO)
) (C:\Users\wangy\AppData\Local\Programs\MiKTeX\tex/latex/hyperref\nameref.sty
Package: nameref 2025-06-21 v2.57 Cross-referencing by name of section

(C:\Users\wangy\AppData\Local\Programs\MiKTeX\tex/latex/refcount\refcount.sty
Package: refcount 2019/12/15 v3.6 Data extraction from label references (HO)
)
(C:\Users\wangy\AppData\Local\Programs\MiKTeX\tex/generic/gettitlestring\gettit
lestring.sty
Package: gettitlestring 2019/12/15 v1.6 Cleanup title references (HO)

(C:\Users\wangy\AppData\Local\Programs\MiKTeX\tex/latex/kvoptions\kvoptions.sty
Package: kvoptions 2022-06-15 v3.15 Key value format for package options (HO)
))
\c@section@level=\count332
)
(C:\Users\wangy\AppData\Local\Programs\MiKTeX\tex/generic/stringenc\stringenc.s
ty
Package: stringenc 2019/11/29 v1.12 Convert strings between diff. encodings (HO
)
)
\@linkdim=\dimen194
\Hy@linkcounter=\count333
\Hy@pagecounter=\count334
 (C:\Users\wangy\AppData\Local\Programs\MiKTeX\tex/latex/hyperref\pd1enc.def
File: pd1enc.def 2025-07-12 v7.01o Hyperref: PDFDocEncoding definition (HO)
Now handling font encoding PD1 ...
... no UTF-8 mapping file for font encoding PD1
) (C:\Users\wangy\AppData\Local\Programs\MiKTeX\tex/generic/intcalc\intcalc.sty
Package: intcalc 2019/12/15 v1.3 Expandable calculations with integers (HO)
)
\Hy@SavedSpaceFactor=\count335
 (C:\Users\wangy\AppData\Local\Programs\MiKTeX\tex/latex/hyperref\puenc.def
File: puenc.def 2025-07-12 v7.01o Hyperref: PDF Unicode definition (HO)
Now handling font encoding PU ...
... no UTF-8 mapping file for font encoding PU
)
Package hyperref Info: Option `colorlinks' set `true' on input line 4066.
Package hyperref Info: Hyper figures OFF on input line 4195.
Package hyperref Info: Link nesting OFF on input line 4200.
Package hyperref Info: Hyper index ON on input line 4203.
Package hyperref Info: Plain pages OFF on input line 4210.
Package hyperref Info: Backreferencing OFF on input line 4215.
Package hyperref Info: Implicit mode ON; LaTeX internals redefined.
Package hyperref Info: Bookmarks ON on input line 4462.
\c@Hy@tempcnt=\count336

(C:\Users\wangy\AppData\Local\Programs\MiKTeX\tex/latex/url\url.sty
\Urlmuskip=\muskip18
Package: url 2013/09/16  ver 3.4  Verb mode for urls, etc.
)
LaTeX Info: Redefining \url on input line 4801.
\XeTeXLinkMargin=\dimen195

(C:\Users\wangy\AppData\Local\Programs\MiKTeX\tex/generic/bitset\bitset.sty
Package: bitset 2019/12/09 v1.3 Handle bit-vector datatype (HO)

(C:\Users\wangy\AppData\Local\Programs\MiKTeX\tex/generic/bigintcalc\bigintcalc
.sty
Package: bigintcalc 2019/12/15 v1.5 Expandable calculations on big integers (HO
)
))
\Fld@menulength=\count337
\Field@Width=\dimen196
\Fld@charsize=\dimen197
Package hyperref Info: Hyper figures OFF on input line 6078.
Package hyperref Info: Link nesting OFF on input line 6083.
Package hyperref Info: Hyper index ON on input line 6086.
Package hyperref Info: backreferencing OFF on input line 6093.
Package hyperref Info: Link coloring ON on input line 6096.
Package hyperref Info: Link coloring with OCG OFF on input line 6103.
Package hyperref Info: PDF/A mode OFF on input line 6108.
\Hy@abspage=\count338
\c@Item=\count339
\c@Hfootnote=\count340
)
Package hyperref Info: Driver (autodetected): hpdftex.

(C:\Users\wangy\AppData\Local\Programs\MiKTeX\tex/latex/hyperref\hpdftex.def
File: hpdftex.def 2025-07-12 v7.01o Hyperref driver for pdfTeX
\Fld@listcount=\count341
\c@bookmark@seq@number=\count342

(C:\Users\wangy\AppData\Local\Programs\MiKTeX\tex/latex/rerunfilecheck\rerunfil
echeck.sty
Package: rerunfilecheck 2025-06-21 v1.11 Rerun checks for auxiliary files (HO)

(C:\Users\wangy\AppData\Local\Programs\MiKTeX\tex/generic/uniquecounter\uniquec
ounter.sty
Package: uniquecounter 2019/12/15 v1.4 Provide unlimited unique counter (HO)
)
Package uniquecounter Info: New unique counter `rerunfilecheck' on input line 2
84.
)
\Hy@SectionHShift=\skip68
)

Package siunitx Info: Option "separate-uncertainty" has been deprecated in
(siunitx)             this release.
(siunitx)             
(siunitx)             Use "uncertainty-mode = separate" as a replacement.


Package siunitx Info: Option "multi-part-units = single" has been deprecated
(siunitx)             in this release.
(siunitx)             
(siunitx)             Use "separate-uncertainty-units = single" as a
(siunitx)             replacement.

\c@proposition=\count343
Package translations Info: No language package found. I am going to use `englis
h' as default language. on input line 71.
LaTeX Font Info:    Trying to load font information for T1+txr on input line 71
.

(C:\Users\wangy\AppData\Local\Programs\MiKTeX\tex/latex/txfonts\t1txr.fd
File: t1txr.fd 2000/12/15 v3.1
)
(paper.aux)
\openout1 = `paper.aux'.

LaTeX Font Info:    Checking defaults for OML/txmi/m/it on input line 71.
LaTeX Font Info:    Trying to load font information for OML+txmi on input line 
71.

(C:\Users\wangy\AppData\Local\Programs\MiKTeX\tex/latex/txfonts\omltxmi.fd
File: omltxmi.fd 2000/12/15 v3.1
)
LaTeX Font Info:    ... okay on input line 71.
LaTeX Font Info:    Checking defaults for OMS/txsy/m/n on input line 71.
LaTeX Font Info:    Trying to load font information for OMS+txsy on input line 
71.

(C:\Users\wangy\AppData\Local\Programs\MiKTeX\tex/latex/txfonts\omstxsy.fd
File: omstxsy.fd 2000/12/15 v3.1
)
LaTeX Font Info:    ... okay on input line 71.
LaTeX Font Info:    Checking defaults for OT1/cmr/m/n on input line 71.
LaTeX Font Info:    ... okay on input line 71.
LaTeX Font Info:    Checking defaults for T1/cmr/m/n on input line 71.
LaTeX Font Info:    ... okay on input line 71.
LaTeX Font Info:    Checking defaults for TS1/cmr/m/n on input line 71.
LaTeX Font Info:    ... okay on input line 71.
LaTeX Font Info:    Checking defaults for OMX/txex/m/n on input line 71.
LaTeX Font Info:    Trying to load font information for OMX+txex on input line 
71.

(C:\Users\wangy\AppData\Local\Programs\MiKTeX\tex/latex/txfonts\omxtxex.fd
File: omxtxex.fd 2000/12/15 v3.1
)
LaTeX Font Info:    ... okay on input line 71.
LaTeX Font Info:    Checking defaults for U/txexa/m/n on input line 71.
LaTeX Font Info:    Trying to load font information for U+txexa on input line 7
1.

(C:\Users\wangy\AppData\Local\Programs\MiKTeX\tex/latex/txfonts\utxexa.fd
File: utxexa.fd 2000/12/15 v3.1
)
LaTeX Font Info:    ... okay on input line 71.
LaTeX Font Info:    Checking defaults for PD1/pdf/m/n on input line 71.
LaTeX Font Info:    ... okay on input line 71.
LaTeX Font Info:    Checking defaults for PU/pdf/m/n on input line 71.
LaTeX Font Info:    ... okay on input line 71.

(C:\Users\wangy\AppData\Local\Programs\MiKTeX\tex/context/base/mkii\supp-pdf.mk
ii
[Loading MPS to PDF converter (version 2006.09.02).]
\scratchcounter=\count344
\scratchdimen=\dimen198
\scratchbox=\box73
\nofMPsegments=\count345
\nofMParguments=\count346
\everyMPshowfont=\toks38
\MPscratchCnt=\count347
\MPscratchDim=\dimen199
\MPnumerator=\count348
\makeMPintoPDFobject=\count349
\everyMPtoPDFconversion=\toks39
)
(C:\Users\wangy\AppData\Local\Programs\MiKTeX\tex/latex/epstopdf-pkg\epstopdf-b
ase.sty
Package: epstopdf-base 2020-01-24 v2.11 Base part for package epstopdf
Package epstopdf-base Info: Redefining graphics rule for `.eps' on input line 4
85.

(C:\Users\wangy\AppData\Local\Programs\MiKTeX\tex/latex/00miktex\epstopdf-sys.c
fg
File: epstopdf-sys.cfg 2021/03/18 v2.0 Configuration of epstopdf for MiKTeX
))
*geometry* driver: auto-detecting
*geometry* detected driver: pdftex
*geometry* verbose mode - [ preamble ] result:
* driver: pdftex
* paper: custom
* layout: <same size as paper>
* layoutoffset:(h,v)=(0.0pt,0.0pt)
* hratio: 1:1
* vratio: 1:1
* modes: 
* h-part:(L,W,R)=(37.75394pt, 522.0pt, 37.75394pt)
* v-part:(T,H,B)=(81.52342pt, 682.0pt, 81.52342pt)
* \paperwidth=597.50787pt
* \paperheight=845.04684pt
* \textwidth=522.0pt
* \textheight=682.0pt
* \oddsidemargin=-34.51605pt
* \evensidemargin=-34.51605pt
* \topmargin=-52.74657pt
* \headheight=50.0pt
* \headsep=12.0pt
* \topskip=10.0pt
* \footskip=18.0pt
* \marginparwidth=65.0pt
* \marginparsep=11.0pt
* \columnsep=18.0pt
* \skip\footins=24.0pt plus 2.0pt minus 12.0pt
* \hoffset=0.0pt
* \voffset=0.0pt
* \mag=1000
* \@twocolumntrue
* \@twosidefalse
* \@mparswitchfalse
* \@reversemarginfalse
* (1in=72.27pt=25.4mm, 1cm=28.453pt)

LaTeX Encoding Info:    Redeclaring text command \k (encoding T1) on input line
 71.

(C:\Users\wangy\AppData\Local\Programs\MiKTeX\tex/latex/translations/dicts\tran
slations-basic-dictionary-english.trsl
File: translations-basic-dictionary-english.trsl (english translation file `tra
nslations-basic-dictionary')
)
Package translations Info: loading dictionary `translations-basic-dictionary' f
or `english'. on input line 71.
Package hyperref Info: Link coloring ON on input line 71.
 (paper.out) (paper.out)
\@outlinefile=\write4
\openout4 = `paper.out'.

LaTeX Font Info:    Font shape `T1/txr/b/n' in size <10> not available
(Font)              Font shape `T1/txr/bx/n' tried instead on input line 98.
LaTeX Font Info:    Trying to load font information for OT1+txr on input line 1
03.

(C:\Users\wangy\AppData\Local\Programs\MiKTeX\tex/latex/txfonts\ot1txr.fd
File: ot1txr.fd 2000/12/15 v3.1
)
LaTeX Font Info:    Trying to load font information for U+txmia on input line 1
03.

(C:\Users\wangy\AppData\Local\Programs\MiKTeX\tex/latex/txfonts\utxmia.fd
File: utxmia.fd 2000/12/15 v3.1
)
LaTeX Font Info:    Trying to load font information for U+msa on input line 103
.

(C:\Users\wangy\AppData\Local\Programs\MiKTeX\tex/latex/amsfonts\umsa.fd
File: umsa.fd 2013/01/14 v3.01 AMS symbols A
)
LaTeX Font Info:    Trying to load font information for U+msb on input line 103
.

(C:\Users\wangy\AppData\Local\Programs\MiKTeX\tex/latex/amsfonts\umsb.fd
File: umsb.fd 2013/01/14 v3.01 AMS symbols B
)
LaTeX Font Info:    Trying to load font information for U+txsyc on input line 1
03.

(C:\Users\wangy\AppData\Local\Programs\MiKTeX\tex/latex/txfonts\utxsyc.fd
File: utxsyc.fd 2000/12/15 v3.1
)

Package natbib Warning: Citation `Benkhelifa2016' on page 1 undefined on input 
line 165.


Package natbib Warning: Citation `Carroll2010' on page 1 undefined on input lin
e 166.


Package natbib Warning: Citation `Chen2014' on page 1 undefined on input line 1
66.


Package natbib Warning: Citation `Benkhelifa2016' on page 1 undefined on input 
line 167.


Package natbib Warning: Citation `Liu2019ECM' on page 1 undefined on input line
 167.


Package natbib Warning: Citation `Doyle1993' on page 1 undefined on input line 
170.


Package natbib Warning: Citation `Newman2004' on page 1 undefined on input line
 170.


Package natbib Warning: Citation `Mama2024' on page 1 undefined on input line 1
70.


Package natbib Warning: Citation `Chemali2018' on page 1 undefined on input lin
e 171.


Package natbib Warning: Citation `Richardson2017' on page 1 undefined on input 
line 171.


Package natbib Warning: Citation `Dai2011' on page 1 undefined on input line 17
1.


Package natbib Warning: Citation `Hu2012' on page 1 undefined on input line 172
.


Package natbib Warning: Citation `You2018' on page 1 undefined on input line 17
2.


Package natbib Warning: Citation `Shepherd1965' on page 1 undefined on input li
ne 173.


Package natbib Warning: Citation `Fuller2014' on page 1 undefined on input line
 174.

[1{C:/Users/wangy/AppData/Local/MiKTeX/fonts/map/pdftex/pdftex.map}{C:/Users/wa
ngy/AppData/Local/Programs/MiKTeX/fonts/enc/dvips/base/8r.enc}


]

Package natbib Warning: Citation `Carroll2010' on page 2 undefined on input lin
e 176.


Package natbib Warning: Citation `Chen2014' on page 2 undefined on input line 1
76.


Package natbib Warning: Citation `Murmuria2012' on page 2 undefined on input li
ne 176.


Package natbib Warning: Citation `Xu2020' on page 2 undefined on input line 177
.


Package natbib Warning: Citation `Lauridsen2014' on page 2 undefined on input l
ine 177.


Package natbib Warning: Citation `Sun2018' on page 2 undefined on input line 17
7.


Package natbib Warning: Citation `Negri2006' on page 2 undefined on input line 
177.


Package natbib Warning: Citation `Vetter2005' on page 2 undefined on input line
 178.


Package natbib Warning: Citation `Benson2012' on page 2 undefined on input line
 178.


Package natbib Warning: Citation `Li2019' on page 2 undefined on input line 178
.


Package natbib Warning: Citation `Kou2017' on page 2 undefined on input line 17
8.


Package natbib Warning: Citation `Ali2020' on page 2 undefined on input line 17
8.


Package natbib Warning: Citation `Chen2025' on page 2 undefined on input line 1
78.


Package natbib Warning: Citation `He2017' on page 2 undefined on input line 178
.


Package natbib Warning: Citation `Liu2019ECM' on page 2 undefined on input line
 179.


Package natbib Warning: Citation `Liu2018ECM' on page 2 undefined on input line
 179.


Underfull \hbox (badness 3428) in paragraph at lines 181--184
\T1/txr/m/n/10 (iii) cou-pled temperature--aging dy-nam-ics into a uni-fied
 []


Underfull \hbox (badness 1721) in paragraph at lines 181--184
\T1/txr/m/n/10 continuous-time TTE pre-dic-tion pipeline, nor val-i-dates it
 []


Underfull \hbox (badness 1609) in paragraph at lines 181--184
\T1/txr/m/n/10 against strong ECM base-lines with sta-tis-ti-cal rigour, nor
 []


Package natbib Warning: Citation `Carroll2010' on page 2 undefined on input lin
e 186.


Package natbib Warning: Citation `Chen2014' on page 2 undefined on input line 1
86.


Package natbib Warning: Citation `Lu2008' on page 2 undefined on input line 186
.


Package natbib Warning: Citation `XJTU2020' on page 2 undefined on input line 1
86.


Underfull \hbox (badness 2626) in paragraph at lines 184--187
\T1/txr/m/n/10 component power de-com-po-si-tion, Arrhenius--logistic
 []


Underfull \hbox (badness 3826) in paragraph at lines 187--190
\T1/txr/m/n/10 Rint, Thévenin-1RC, Thévenin-2RC), the pro-posed
 []


Underfull \hbox (badness 1571) in paragraph at lines 193--197
\T1/txr/m/n/10 grad-u-ated power re-duc-tion when SOC drops be-low
 []


Package natbib Warning: Citation `Birkl2015' on page 2 undefined on input line 
209.


Package natbib Warning: Citation `Chen2025' on page 2 undefined on input line 2
10.


Package natbib Warning: Citation `Hu2012' on page 2 undefined on input line 212
.


Package natbib Warning: Citation `You2018' on page 2 undefined on input line 21
2.


Package natbib Warning: Citation `Shepherd1965' on page 2 undefined on input li
ne 214.


Package natbib Warning: Citation `Carroll2010' on page 2 undefined on input lin
e 218.


Package natbib Warning: Citation `Chen2014' on page 2 undefined on input line 2
19.


Package natbib Warning: Citation `Lauridsen2014' on page 2 undefined on input l
ine 220.


Package natbib Warning: Citation `Xu2020' on page 2 undefined on input line 220
.


Package natbib Warning: Citation `Sun2018' on page 2 undefined on input line 22
0.


Package natbib Warning: Citation `Negri2006' on page 2 undefined on input line 
220.


Package natbib Warning: Citation `Murmuria2012' on page 2 undefined on input li
ne 221.


Package natbib Warning: Citation `Lu2008' on page 2 undefined on input line 222
.

[2]

Package natbib Warning: Citation `Ali2020' on page 3 undefined on input line 22
6.


Package natbib Warning: Citation `Chen2025' on page 3 undefined on input line 2
26.


Package natbib Warning: Citation `He2017' on page 3 undefined on input line 226
.


Package natbib Warning: Citation `Benson2012' on page 3 undefined on input line
 226.


Package natbib Warning: Citation `Vetter2005' on page 3 undefined on input line
 227.


Package natbib Warning: Citation `Kou2017' on page 3 undefined on input line 22
8.


Package natbib Warning: Citation `Li2019' on page 3 undefined on input line 228
.


Package natbib Warning: Citation `Vetter2005' on page 3 undefined on input line
 228.


Package natbib Warning: Citation `Yu2025' on page 3 undefined on input line 229
.


Package natbib Warning: Citation `Bhat2019' on page 3 undefined on input line 2
30.


Package natbib Warning: Citation `Bhat2021' on page 3 undefined on input line 2
30.


Package natbib Warning: Citation `Tian2020' on page 3 undefined on input line 2
31.


Package natbib Warning: Citation `Xiong2018' on page 3 undefined on input line 
231.


Package natbib Warning: Citation `Mama2024' on page 3 undefined on input line 2
31.

LaTeX Font Info:    Font shape `T1/txr/b/n' in size <9> not available
(Font)              Font shape `T1/txr/bx/n' tried instead on input line 244.

Package natbib Warning: Citation `Doyle1993' on page 3 undefined on input line 
244.


Package natbib Warning: Citation `Hu2012' on page 3 undefined on input line 245
.


Package natbib Warning: Citation `You2018' on page 3 undefined on input line 24
5.


Package natbib Warning: Citation `Chemali2018' on page 3 undefined on input lin
e 246.


Package natbib Warning: Citation `Carroll2010' on page 3 undefined on input lin
e 247.


Underfull \hbox (badness 1163) in paragraph at lines 234--253
\T1/txr/m/n/10 mod-elling, component-level power dis-ag-gre-ga-tion, tem-per-
 []


Underfull \hbox (badness 1189) in paragraph at lines 234--253
\T1/txr/m/n/10 a-ture cou-pling, and cy-cle/calendar aging---within a sin-gle
 []

<fig_framework.pdf, id=250, 201.16354pt x 253.30635pt>
File: fig_framework.pdf Graphic file (type pdf)
<use fig_framework.pdf>
Package pdftex.def Info: fig_framework.pdf  used on input line 261.
(pdftex.def)             Requested size: 252.0pt x 317.32785pt.

Underfull \hbox (badness 2884) in paragraph at lines 256--264
\T1/txr/m/n/10 terminal-voltage dy-nam-ics ([]ź[][]3.1[][][]), component-level 
power
 []


Underfull \hbox (badness 1701) in paragraph at lines 256--264
\T1/txr/m/n/10 and ag-ing dy-nam-ics ([]ź[][]3.4[][][])---which are as-sem-bled
 into a
 []


Package natbib Warning: Citation `Shepherd1965' on page 3 undefined on input li
ne 267.


Underfull \hbox (badness 1043) in paragraph at lines 269--270
[]\T1/txr/m/it/10 Thermodynamic equi-lib-rium. \T1/txr/m/n/10 The open-circuit 
volt-
 []


Overfull \hbox (20.62976pt too wide) detected at line 276
[][][]\OML/txmi/m/it/10 V[]\OT1/txr/m/n/10 ([]\OML/txmi/m/it/10 ; I\OT1/txr/m/n
/10 ) = [] \OMS/txsy/m/n/10 ^^@ [] ^^@ [] \OT1/txr/m/n/10 + [] \OML/txmi/m/it/1
0 :
 []

[3 <./fig_framework.pdf>]

Package natbib Warning: Citation `Carroll2010' on page 4 undefined on input lin
e 304.


Package natbib Warning: Citation `Chen2014' on page 4 undefined on input line 3
04.


Package natbib Warning: Citation `Lu2008' on page 4 undefined on input line 313
.


Underfull \hbox (badness 1755) in paragraph at lines 320--321
 []\T1/txr/m/it/10 Computational, com-mu-ni-ca-tion, and base-line sub-sys-tems
..[]
 []


Package natbib Warning: Citation `Carroll2010' on page 4 undefined on input lin
e 327.


Package natbib Warning: Citation `Chen2014' on page 4 undefined on input line 3
27.


Package natbib Warning: Citation `Ali2020' on page 4 undefined on input line 34
5.


Package natbib Warning: Citation `Benson2012' on page 4 undefined on input line
 352.


Package natbib Warning: Citation `He2017' on page 4 undefined on input line 352
.


Package natbib Warning: Citation `Bhat2019' on page 4 undefined on input line 3
56.


Package natbib Warning: Citation `Bhat2021' on page 4 undefined on input line 3
56.

[4]

Package natbib Warning: Citation `Vetter2005' on page 5 undefined on input line
 364.


Underfull \hbox (badness 2753) in paragraph at lines 364--366
[]\T1/txr/m/n/10 Repeated charge--discharge cy-cling de-grades cell per-
 []


Underfull \hbox (badness 1297) in paragraph at lines 364--366
\T1/txr/m/n/10 for-mance through SEI layer growth, lithium plat-ing, and
 []


Package natbib Warning: Citation `Vetter2005' on page 5 undefined on input line
 384.


Package natbib Warning: Citation `Vetter2005' on page 5 undefined on input line
 394.


Package natbib Warning: Citation `Li2019' on page 5 undefined on input line 394
.


Underfull \hbox (badness 1082) in paragraph at lines 410--411
\T1/txr/m/n/10 treated as slowly vary-ing ex-ter-nal pa-ram-e-ters (quasi-stati
c
 []

[5]
LaTeX Font Info:    Trying to load font information for TS1+txr on input line 4
50.
 (C:\Users\wangy\AppData\Local\Programs\MiKTeX\tex/latex/txfonts\ts1txr.fd
File: ts1txr.fd 2000/12/15 v3.1
)
Overfull \hbox (8.20065pt too wide) in paragraph at lines 451--452
[]\T1/txr/m/it/10 Bounds: $\OML/txmi/m/it/10 I \OMS/txsy/m/n/10 2 \OT1/txr/m/n/
10 [0\OML/txmi/m/it/10 ; I[]\OT1/txr/m/n/10 ]$ \T1/txr/m/n/10 with $\OML/txmi/m
/it/10 I[] \OT1/txr/m/n/10 = [](5\OML/txmi/m/it/10 P[]=V[];  \OT1/txr/m/n/10 10
)$\T1/txr/m/n/10 A. 
 []


Package natbib Warning: Citation `Doyle1993' on page 6 undefined on input line 
487.


Package natbib Warning: Citation `Chemali2018' on page 6 undefined on input lin
e 487.


Package natbib Warning: Citation `Xiong2018' on page 6 undefined on input line 
489.


Package natbib Warning: Citation `Wang2024ECM' on page 6 undefined on input lin
e 489.


Package natbib Warning: Citation `XJTU2020' on page 6 undefined on input line 4
95.


Underfull \hbox (badness 2302) in paragraph at lines 501--502
\T1/txr/m/n/10 Each cell record con-tains time-stamped volt-age, cur-rent,
 []


Package natbib Warning: Citation `Carroll2010' on page 6 undefined on input lin
e 506.


Package natbib Warning: Citation `Chen2014' on page 6 undefined on input line 5
06.


Package natbib Warning: Citation `Lu2008' on page 6 undefined on input line 506
.


Package natbib Warning: Citation `Murmuria2012' on page 6 undefined on input li
ne 506.

[6]
Underfull \hbox (badness 1097) in paragraph at lines 511--516
 []\T1/txr/m/it/10 Data pre-pro-cess-ing..[] \T1/txr/m/n/10 Dis-charge seg-ment
s are ex-tracted by
 []


Underfull \hbox (badness 2103) in paragraph at lines 523--525
[]\T1/txr/m/n/10 We com-pare the pro-posed Shepherd-based frame-work
 []


Underfull \hbox (badness 1297) in paragraph at lines 523--525
\T1/txr/m/n/10 against four volt-age mod-els span-ning the interpretability--
 []


Underfull \hbox (badness 1231) in paragraph at lines 525--527
[]\T1/txr/bx/n/10 Nernst-Based Model (NBM): \T1/txr/m/n/10 A ther-mo-dy-nam-i-c
ally
 []


Overfull \hbox (16.75482pt too wide) in paragraph at lines 552--563
 [][] 
 []

<fig_voltage_trajectory.pdf, id=368, 483.81384pt x 320.47182pt>
File: fig_voltage_trajectory.pdf Graphic file (type pdf)
<use fig_voltage_trajectory.pdf>
Package pdftex.def Info: fig_voltage_trajectory.pdf  used on input line 614.
(pdftex.def)             Requested size: 522.0pt x 345.7621pt.
[7]
<fig_cross_batch.pdf, id=387, 237.22086pt x 246.28773pt>
File: fig_cross_batch.pdf Graphic file (type pdf)
<use fig_cross_batch.pdf>
Package pdftex.def Info: fig_cross_batch.pdf  used on input line 650.
(pdftex.def)             Requested size: 252.0pt x 261.63121pt.

Underfull \hbox (badness 1496) in paragraph at lines 630--656
[]\T1/txr/m/n/10 To test trans-fer-abil-ity, we ap-ply the pa-ram-e-ters fit-te
d
 []

<fig_scenario_comparison.pdf, id=391, 455.20972pt x 210.35901pt>
File: fig_scenario_comparison.pdf Graphic file (type pdf)
<use fig_scenario_comparison.pdf>
Package pdftex.def Info: fig_scenario_comparison.pdf  used on input line 701.
(pdftex.def)             Requested size: 522.0pt x 241.2337pt.
<fig_ablation_heatmap.pdf, id=395, 469.51813pt x 331.30661pt>
File: fig_ablation_heatmap.pdf Graphic file (type pdf)
<use fig_ablation_heatmap.pdf>
Package pdftex.def Info: fig_ablation_heatmap.pdf  used on input line 729.
(pdftex.def)             Requested size: 522.0pt x 368.3512pt.
[8]
Underfull \hbox (badness 2426) in paragraph at lines 761--763
 []\T1/txr/m/it/10 Aging dy-nam-ics..[] \T1/txr/m/n/10 Ag-ing im-por-tance grow
s mono-ton-i-cally
 []


Underfull \hbox (badness 2951) in paragraph at lines 765--767
 []\T1/txr/m/it/10 Component de-com-po-si-tion..[] \T1/txr/m/n/10 Re-plac-ing t
he five-component
 []

<fig_sensitivity_tornado.pdf, id=411, 257.87541pt x 223.7548pt>
File: fig_sensitivity_tornado.pdf Graphic file (type pdf)
<use fig_sensitivity_tornado.pdf>
Package pdftex.def Info: fig_sensitivity_tornado.pdf  used on input line 799.
(pdftex.def)             Requested size: 252.0pt x 218.66707pt.
[9 <./fig_voltage_trajectory.pdf>]
<fig_temperature_tte.pdf, id=442, 266.12572pt x 236.6469pt>
File: fig_temperature_tte.pdf Graphic file (type pdf)
<use fig_temperature_tte.pdf>
Package pdftex.def Info: fig_temperature_tte.pdf  used on input line 827.
(pdftex.def)             Requested size: 252.0pt x 224.08385pt.
<fig_dynamic_scenario.pdf, id=444, 484.37845pt x 317.3845pt>
File: fig_dynamic_scenario.pdf Graphic file (type pdf)
<use fig_dynamic_scenario.pdf>
Package pdftex.def Info: fig_dynamic_scenario.pdf  used on input line 842.
(pdftex.def)             Requested size: 522.0pt x 342.03403pt.
 [10 <./fig_cross_batch.pdf>]
<fig_residual_analysis.pdf, id=485, 496.12648pt x 325.25075pt>
File: fig_residual_analysis.pdf Graphic file (type pdf)
<use fig_residual_analysis.pdf>
Package pdftex.def Info: fig_residual_analysis.pdf  used on input line 854.
(pdftex.def)             Requested size: 522.0pt x 342.20824pt.

Underfull \hbox (badness 1694) in paragraph at lines 847--857
\T1/txr/m/n/10 age pre-dic-tions be-yond ag-gre-gate met-rics, we per-form a
 []


Package natbib Warning: Citation `Vetter2005' on page 11 undefined on input lin
e 861.

<fig_aging_curves.pdf, id=487, 478.20102pt x 223.50186pt>
File: fig_aging_curves.pdf Graphic file (type pdf)
<use fig_aging_curves.pdf>
Package pdftex.def Info: fig_aging_curves.pdf  used on input line 864.
(pdftex.def)             Requested size: 522.0pt x 243.9771pt.

Underfull \hbox (badness 1902) in paragraph at lines 876--879
[]\T1/txr/bx/n/10 Health-aware bud-get-ing. \T1/txr/m/n/10 Af-ter 800 cy-cles, 
TTE
 []

[11 <./fig_scenario_comparison.pdf>]
<fig_energy_management.pdf, id=516, 484.37845pt x 316.97557pt>
File: fig_energy_management.pdf Graphic file (type pdf)
<use fig_energy_management.pdf>
Package pdftex.def Info: fig_energy_management.pdf  used on input line 902.
(pdftex.def)             Requested size: 522.0pt x 341.59332pt.

Underfull \hbox (badness 1348) in paragraph at lines 907--909
 []\T1/txr/m/it/10 Discussion..[] \T1/txr/m/n/10 Threshold-based power sav-ing 
is com-mon in
 []

[12 <./fig_ablation_heatmap.pdf>]

Package natbib Warning: Citation `Lipu2022' on page 13 undefined on input line 
938.


Package natbib Warning: Citation `Liu2019ECM' on page 13 undefined on input lin
e 938.


Underfull \hbox (badness 1314) in paragraph at lines 920--940
\T1/txr/m/n/10 the pro-posed model-predictive strat-egy with rep-re-sen-ta-tive

 []


Underfull \hbox (badness 1762) in paragraph at lines 943--946
\T1/txr/m/n/10 that in-te-grates a mod-i-fied Shep-herd volt-age model, five-
 []


Underfull \hbox (badness 1939) in paragraph at lines 946--947
[]\T1/txr/m/n/10 The Shepherd-based for-mu-la-tion achieves a volt-age
 []


Underfull \hbox (badness 1033) in paragraph at lines 946--947
\T1/txr/m/n/10 rel-a-tive to the Nernst base-line and $\OT1/txr/m/n/10 55$$%$ \
T1/txr/m/n/10 rel-a-tive to
 []


Underfull \hbox (badness 1810) in paragraph at lines 949--950
[]\T1/txr/m/n/10 An op-ti-mised adap-tive en-ergy man-age-ment strat-egy
 []

[13 <./fig_sensitivity_tornado.pdf> <./fig_temperature_tte.pdf>]
Underfull \hbox (badness 10000) in paragraph at lines 950--951
\T1/txr/m/n/10 low-power mi-cro-con-trollers ($[]\OT1/txr/m/n/10 1$$[]$ \T1/txr
/m/n/10 com-pu-ta-tional
 []


Package natbib Warning: Citation `Carroll2010' on page 14 undefined on input li
ne 955.


Package natbib Warning: Citation `Chen2014' on page 14 undefined on input line 
955.


Package natbib Warning: Citation `Lu2008' on page 14 undefined on input line 95
5.


Package natbib Warning: Citation `Fuller2014' on page 14 undefined on input lin
e 958.


Package natbib Warning: Citation `Mama2024' on page 14 undefined on input line 
958.


Underfull \hbox (badness 1460) in paragraph at lines 954--962
\T1/txr/m/n/10 on real XJTU cell data un-der con-trolled constant-current
 []


Underfull \hbox (badness 8151) in paragraph at lines 964--965
[]\T1/txr/m/it/10 Homogeneous ag-ing: \T1/txr/m/n/10 Cell-to-cell vari-abil-ity
 and
 []


Overfull \hbox (16.17395pt too wide) in paragraph at lines 965--966
[]\T1/txr/m/it/10 Single chem-istry: \T1/txr/m/n/10 Re-sults are demon-strated 
on NMC/graphite
 []


Underfull \hbox (badness 2229) in paragraph at lines 969--976
 []\T1/txr/m/it/10 Future work..[] \T1/txr/m/n/10 Planned ex-ten-sions in-clude
: (i) val-i-da-tion
 []


Underfull \hbox (badness 1077) in paragraph at lines 969--976
\T1/txr/m/n/10 us-age pro-files; (iv) in-te-gra-tion into An-droid's Pow-er-Man
-
 []


Underfull \hbox (badness 1675) in paragraph at lines 969--976
\T1/txr/m/n/10 stor-age for vehicle-to-grid (V2G) style de-mand re-sponse,
 []

[14 <./fig_dynamic_scenario.pdf>]

Package natbib Warning: Citation `XJTU2020' on page 15 undefined on input line 
988.


Underfull \hbox (badness 1199) in paragraph at lines 988--989
\T1/txr/m/n/10 and pro-cessed data sup-port-ing this study are avail-able at
 []

[15 <./fig_residual_analysis.pdf>]
No file paper.bbl.

Package natbib Warning: There were undefined citations.

[16

 <./fig_aging_curves.pdf>] [17 <./fig_energy_management.pdf>] (paper.aux)
 ***********
LaTeX2e <2025-11-01>
L3 programming layer <2025-12-24>
 ***********
Package rerunfilecheck Info: File `paper.out' has not changed.
(rerunfilecheck)             Checksum: AC7F63073203397ABE249BFC70554D93;10002.
 ) 
Here is how much of TeX's memory you used:
 17384 strings out of 467871
 325140 string characters out of 5418376
 734149 words of memory out of 5000000
 45826 multiletter control sequences out of 15000+600000
 704939 words of font info for 183 fonts, out of 8000000 for 9000
 1141 hyphenation exceptions out of 8191
 75i,15n,88p,597b,1158s stack positions out of 10000i,1000n,20000p,200000b,200000s
 <C:\Users\wangy\AppData\Local\MiKTeX\fonts/pk/ljfour/jknappen/ec/dpi600\ectt
1000.pk> <C:\Users\wangy\AppData\Local\MiKTeX\fonts/pk/ljfour/jknappen/ec/dpi60
0\ectt0800.pk><C:/Users/wangy/AppData/Local/Programs/MiKTeX/fonts/type1/public/
amsfonts/symbols/msam10.pfb><C:/Users/wangy/AppData/Local/Programs/MiKTeX/fonts
/type1/public/txfonts/rtcxr.pfb><C:/Users/wangy/AppData/Local/Programs/MiKTeX/f
onts/type1/public/txfonts/rtxb.pfb><C:/Users/wangy/AppData/Local/Programs/MiKTe
X/fonts/type1/public/txfonts/rtxbmi.pfb><C:/Users/wangy/AppData/Local/Programs/
MiKTeX/fonts/type1/public/txfonts/rtxi.pfb><C:/Users/wangy/AppData/Local/Progra
ms/MiKTeX/fonts/type1/public/txfonts/rtxmi.pfb><C:/Users/wangy/AppData/Local/Pr
ograms/MiKTeX/fonts/type1/public/txfonts/rtxr.pfb><C:/Users/wangy/AppData/Local
/Programs/MiKTeX/fonts/type1/public/txfonts/txex.pfb><C:/Users/wangy/AppData/Lo
cal/Programs/MiKTeX/fonts/type1/public/txfonts/txexa.pfb><C:/Users/wangy/AppDat
a/Local/Programs/MiKTeX/fonts/type1/public/txfonts/txsy.pfb><C:/Users/wangy/App
Data/Local/Programs/MiKTeX/fonts/type1/urw/times/utmb8a.pfb><C:/Users/wangy/App
Data/Local/Programs/MiKTeX/fonts/type1/urw/times/utmr8a.pfb><C:/Users/wangy/App
Data/Local/Programs/MiKTeX/fonts/type1/urw/times/utmri8a.pfb>
Output written on paper.pdf (17 pages, 1906792 bytes).
PDF statistics:
 931 PDF objects out of 1000 (max. 8388607)
 171 named destinations out of 1000 (max. 500000)
 464 words of extra memory for PDF output out of 10000 (max. 10000000)

